<?xml version="1.0" encoding="UTF-8"?>
<!-- Generated by org.testng.reporters.JUnitReportReporter -->
<testsuite hostname="DESKTOP-1SST5UI" failures="0" tests="1" name="day7.TestLogin" time="31.526" errors="0" timestamp="2024-06-25T18:13:03 IST" skipped="0">
  <testcase classname="day7.TestLogin" name="test_Invoice_arrows" time="31.526"/>
</testsuite> <!-- day7.TestLogin -->
