<?xml version="1.0" encoding="UTF-8"?>
<!-- Generated by org.testng.reporters.JUnitReportReporter -->
<testsuite hostname="DESKTOP-1SST5UI" failures="0" tests="3" name="day1.MyTest" time="0.008" errors="0" timestamp="2024-06-13T18:14:57 IST" skipped="0">
  <testcase classname="day1.MyTest" name="testMethod1" time="0.006"/>
  <system-out/>
  <testcase classname="day1.MyTest" name="testMethod3" time="0.001"/>
  <system-out/>
  <testcase classname="day1.MyTest" name="testMethod2" time="0.001"/>
  <system-out/>
</testsuite> <!-- day1.MyTest -->
